This file contains any messages produced by compilers while
running configure, to aid debugging if configure makes a mistake.

It was created by sumo configure 0.32.0, which was
generated by GNU Autoconf 2.69.  Invocation command line was

  $ ./configure --with-python

## --------- ##
## Platform. ##
## --------- ##

hostname = instant-veins
uname -m = x86_64
uname -r = 4.9.0-8-amd64
uname -s = Linux
uname -v = #1 SMP Debian 4.9.110-3+deb9u6 (2018-10-08)

/usr/bin/uname -p = unknown
/bin/uname -X     = unknown

/bin/arch              = unknown
/usr/bin/arch -k       = unknown
/usr/convex/getsysinfo = unknown
/usr/bin/hostinfo      = unknown
/bin/machine           = unknown
/usr/bin/oslevel       = unknown
/bin/universe          = unknown

PATH: /usr/lib/ccache
PATH: /home/veins/bin
PATH: /usr/local/bin
PATH: /usr/bin
PATH: /bin
PATH: /usr/games
PATH: /home/veins/bin
PATH: /home/veins/src/omnetpp/bin
PATH: /home/veins/src/sumo/bin


## ----------- ##
## Core tests. ##
## ----------- ##

configure:2645: checking build system type
configure:2659: result: x86_64-pc-linux-gnu
configure:2679: checking host system type
configure:2692: result: x86_64-pc-linux-gnu
configure:2712: checking target system type
configure:2725: result: x86_64-pc-linux-gnu
configure:2772: checking for a BSD-compatible install
configure:2840: result: /usr/bin/install -c
configure:2851: checking whether build environment is sane
configure:2906: result: yes
configure:3057: checking for a thread-safe mkdir -p
configure:3096: result: /bin/mkdir -p
configure:3103: checking for gawk
configure:3119: found /usr/bin/gawk
configure:3130: result: gawk
configure:3141: checking whether make sets $(MAKE)
configure:3163: result: yes
configure:3192: checking whether make supports nested variables
configure:3209: result: yes
configure:3298: checking whether UID '1000' is supported by ustar format
configure:3301: result: yes
configure:3308: checking whether GID '1000' is supported by ustar format
configure:3311: result: yes
configure:3319: checking how to create a ustar tar archive
configure:3330: tar --version
tar (GNU tar) 1.29
Copyright (C) 2015 Free Software Foundation, Inc.
License GPLv3+: GNU GPL version 3 or later <http://gnu.org/licenses/gpl.html>.
This is free software: you are free to change and redistribute it.
There is NO WARRANTY, to the extent permitted by law.

Written by John Gilmore and Jay Fenlason.
configure:3333: $? = 0
configure:3373: tardir=conftest.dir && eval tar --format=ustar -chf - "$tardir" >conftest.tar
configure:3376: $? = 0
configure:3380: tar -xf - <conftest.tar
configure:3383: $? = 0
configure:3385: cat conftest.dir/file
GrepMe
configure:3388: $? = 0
configure:3401: result: gnutar
configure:3568: checking for gcc
configure:3584: found /usr/lib/ccache/gcc
configure:3595: result: gcc
configure:3824: checking for C compiler version
configure:3833: gcc --version >&5
gcc (Debian 6.3.0-18+deb9u1) 6.3.0 20170516
Copyright (C) 2016 Free Software Foundation, Inc.
This is free software; see the source for copying conditions.  There is NO
warranty; not even for MERCHANTABILITY or FITNESS FOR A PARTICULAR PURPOSE.

configure:3844: $? = 0
configure:3833: gcc -v >&5
Using built-in specs.
COLLECT_GCC=/usr/bin/gcc
COLLECT_LTO_WRAPPER=/usr/lib/gcc/x86_64-linux-gnu/6/lto-wrapper
Target: x86_64-linux-gnu
Configured with: ../src/configure -v --with-pkgversion='Debian 6.3.0-18+deb9u1' --with-bugurl=file:///usr/share/doc/gcc-6/README.Bugs --enable-languages=c,ada,c++,java,go,d,fortran,objc,obj-c++ --prefix=/usr --program-suffix=-6 --program-prefix=x86_64-linux-gnu- --enable-shared --enable-linker-build-id --libexecdir=/usr/lib --without-included-gettext --enable-threads=posix --libdir=/usr/lib --enable-nls --with-sysroot=/ --enable-clocale=gnu --enable-libstdcxx-debug --enable-libstdcxx-time=yes --with-default-libstdcxx-abi=new --enable-gnu-unique-object --disable-vtable-verify --enable-libmpx --enable-plugin --enable-default-pie --with-system-zlib --disable-browser-plugin --enable-java-awt=gtk --enable-gtk-cairo --with-java-home=/usr/lib/jvm/java-1.5.0-gcj-6-amd64/jre --enable-java-home --with-jvm-root-dir=/usr/lib/jvm/java-1.5.0-gcj-6-amd64 --with-jvm-jar-dir=/usr/lib/jvm-exports/java-1.5.0-gcj-6-amd64 --with-arch-directory=amd64 --with-ecj-jar=/usr/share/java/eclipse-ecj.jar --with-target-system-zlib --enable-objc-gc=auto --enable-multiarch --with-arch-32=i686 --with-abi=m64 --with-multilib-list=m32,m64,mx32 --enable-multilib --with-tune=generic --enable-checking=release --build=x86_64-linux-gnu --host=x86_64-linux-gnu --target=x86_64-linux-gnu
Thread model: posix
gcc version 6.3.0 20170516 (Debian 6.3.0-18+deb9u1) 
configure:3844: $? = 0
configure:3833: gcc -V >&5
gcc: error: unrecognized command line option '-V'
gcc: fatal error: no input files
compilation terminated.
configure:3844: $? = 1
configure:3833: gcc -qversion >&5
gcc: error: unrecognized command line option '-qversion'; did you mean '--version'?
gcc: fatal error: no input files
compilation terminated.
configure:3844: $? = 1
configure:3864: checking whether the C compiler works
configure:3886: gcc    conftest.c  >&5
configure:3890: $? = 0
configure:3938: result: yes
configure:3941: checking for C compiler default output file name
configure:3943: result: a.out
configure:3949: checking for suffix of executables
configure:3956: gcc -o conftest    conftest.c  >&5
configure:3960: $? = 0
configure:3982: result: 
configure:4004: checking whether we are cross compiling
configure:4012: gcc -o conftest    conftest.c  >&5
configure:4016: $? = 0
configure:4023: ./conftest
configure:4027: $? = 0
configure:4042: result: no
configure:4047: checking for suffix of object files
configure:4069: gcc -c   conftest.c >&5
configure:4073: $? = 0
configure:4094: result: o
configure:4098: checking whether we are using the GNU C compiler
configure:4117: gcc -c   conftest.c >&5
configure:4117: $? = 0
configure:4126: result: yes
configure:4135: checking whether gcc accepts -g
configure:4155: gcc -c -g  conftest.c >&5
configure:4155: $? = 0
configure:4196: result: yes
configure:4213: checking for gcc option to accept ISO C89
configure:4276: gcc  -c -g -O2  conftest.c >&5
configure:4276: $? = 0
configure:4289: result: none needed
configure:4314: checking whether gcc understands -c and -o together
configure:4336: gcc -c conftest.c -o conftest2.o
configure:4339: $? = 0
configure:4336: gcc -c conftest.c -o conftest2.o
configure:4339: $? = 0
configure:4351: result: yes
configure:4379: checking for style of include used by make
configure:4407: result: GNU
configure:4433: checking dependency style of gcc
configure:4544: result: gcc3
configure:4564: checking how to run the C preprocessor
configure:4595: gcc -E  conftest.c
configure:4595: $? = 0
configure:4609: gcc -E  conftest.c
conftest.c:11:28: fatal error: ac_nonexistent.h: No such file or directory
 #include <ac_nonexistent.h>
                            ^
compilation terminated.
configure:4609: $? = 1
configure: failed program was:
| /* confdefs.h */
| #define PACKAGE_NAME "sumo"
| #define PACKAGE_TARNAME "sumo"
| #define PACKAGE_VERSION "0.32.0"
| #define PACKAGE_STRING "sumo 0.32.0"
| #define PACKAGE_BUGREPORT ""
| #define PACKAGE_URL ""
| #define PACKAGE "sumo"
| #define VERSION "0.32.0"
| /* end confdefs.h.  */
| #include <ac_nonexistent.h>
configure:4634: result: gcc -E
configure:4654: gcc -E  conftest.c
configure:4654: $? = 0
configure:4668: gcc -E  conftest.c
conftest.c:11:28: fatal error: ac_nonexistent.h: No such file or directory
 #include <ac_nonexistent.h>
                            ^
compilation terminated.
configure:4668: $? = 1
configure: failed program was:
| /* confdefs.h */
| #define PACKAGE_NAME "sumo"
| #define PACKAGE_TARNAME "sumo"
| #define PACKAGE_VERSION "0.32.0"
| #define PACKAGE_STRING "sumo 0.32.0"
| #define PACKAGE_BUGREPORT ""
| #define PACKAGE_URL ""
| #define PACKAGE "sumo"
| #define VERSION "0.32.0"
| /* end confdefs.h.  */
| #include <ac_nonexistent.h>
configure:4754: checking for g++
configure:4770: found /usr/lib/ccache/g++
configure:4781: result: g++
configure:4808: checking for C++ compiler version
configure:4817: g++ --version >&5
g++ (Debian 6.3.0-18+deb9u1) 6.3.0 20170516
Copyright (C) 2016 Free Software Foundation, Inc.
This is free software; see the source for copying conditions.  There is NO
warranty; not even for MERCHANTABILITY or FITNESS FOR A PARTICULAR PURPOSE.

configure:4828: $? = 0
configure:4817: g++ -v >&5
Using built-in specs.
COLLECT_GCC=/usr/bin/g++
COLLECT_LTO_WRAPPER=/usr/lib/gcc/x86_64-linux-gnu/6/lto-wrapper
Target: x86_64-linux-gnu
Configured with: ../src/configure -v --with-pkgversion='Debian 6.3.0-18+deb9u1' --with-bugurl=file:///usr/share/doc/gcc-6/README.Bugs --enable-languages=c,ada,c++,java,go,d,fortran,objc,obj-c++ --prefix=/usr --program-suffix=-6 --program-prefix=x86_64-linux-gnu- --enable-shared --enable-linker-build-id --libexecdir=/usr/lib --without-included-gettext --enable-threads=posix --libdir=/usr/lib --enable-nls --with-sysroot=/ --enable-clocale=gnu --enable-libstdcxx-debug --enable-libstdcxx-time=yes --with-default-libstdcxx-abi=new --enable-gnu-unique-object --disable-vtable-verify --enable-libmpx --enable-plugin --enable-default-pie --with-system-zlib --disable-browser-plugin --enable-java-awt=gtk --enable-gtk-cairo --with-java-home=/usr/lib/jvm/java-1.5.0-gcj-6-amd64/jre --enable-java-home --with-jvm-root-dir=/usr/lib/jvm/java-1.5.0-gcj-6-amd64 --with-jvm-jar-dir=/usr/lib/jvm-exports/java-1.5.0-gcj-6-amd64 --with-arch-directory=amd64 --with-ecj-jar=/usr/share/java/eclipse-ecj.jar --with-target-system-zlib --enable-objc-gc=auto --enable-multiarch --with-arch-32=i686 --with-abi=m64 --with-multilib-list=m32,m64,mx32 --enable-multilib --with-tune=generic --enable-checking=release --build=x86_64-linux-gnu --host=x86_64-linux-gnu --target=x86_64-linux-gnu
Thread model: posix
gcc version 6.3.0 20170516 (Debian 6.3.0-18+deb9u1) 
configure:4828: $? = 0
configure:4817: g++ -V >&5
g++: error: unrecognized command line option '-V'
g++: fatal error: no input files
compilation terminated.
configure:4828: $? = 1
configure:4817: g++ -qversion >&5
g++: error: unrecognized command line option '-qversion'; did you mean '--version'?
g++: fatal error: no input files
compilation terminated.
configure:4828: $? = 1
configure:4832: checking whether we are using the GNU C++ compiler
configure:4851: g++ -c -std=c++11 -O2 -DNDEBUG   conftest.cpp >&5
configure:4851: $? = 0
configure:4860: result: yes
configure:4869: checking whether g++ accepts -g
configure:4889: g++ -c -g  conftest.cpp >&5
configure:4889: $? = 0
configure:4930: result: yes
configure:4955: checking dependency style of g++
configure:5066: result: gcc3
configure:5082: checking whether ln -s works
configure:5086: result: yes
configure:5093: checking whether make sets $(MAKE)
configure:5115: result: yes
configure:5168: checking for ranlib
configure:5184: found /usr/bin/ranlib
configure:5195: result: ranlib
configure:5263: checking how to print strings
configure:5290: result: printf
configure:5311: checking for a sed that does not truncate output
configure:5375: result: /bin/sed
configure:5393: checking for grep that handles long lines and -e
configure:5451: result: /bin/grep
configure:5456: checking for egrep
configure:5518: result: /bin/grep -E
configure:5523: checking for fgrep
configure:5585: result: /bin/grep -F
configure:5620: checking for ld used by gcc
configure:5687: result: /usr/bin/ld
configure:5694: checking if the linker (/usr/bin/ld) is GNU ld
configure:5709: result: yes
configure:5721: checking for BSD- or MS-compatible name lister (nm)
configure:5775: result: /usr/bin/nm -B
configure:5905: checking the name lister (/usr/bin/nm -B) interface
configure:5912: g++ -c -std=c++11 -O2 -DNDEBUG   conftest.cpp >&5
configure:5915: /usr/bin/nm -B "conftest.o"
configure:5918: output
0000000000000000 B some_variable
configure:5925: result: BSD nm
configure:5929: checking the maximum length of command line arguments
configure:6060: result: 1572864
configure:6108: checking how to convert x86_64-pc-linux-gnu file names to x86_64-pc-linux-gnu format
configure:6148: result: func_convert_file_noop
configure:6155: checking how to convert x86_64-pc-linux-gnu file names to toolchain format
configure:6175: result: func_convert_file_noop
configure:6182: checking for /usr/bin/ld option to reload object files
configure:6189: result: -r
configure:6263: checking for objdump
configure:6279: found /usr/bin/objdump
configure:6290: result: objdump
configure:6322: checking how to recognize dependent libraries
configure:6522: result: pass_all
configure:6607: checking for dlltool
configure:6637: result: no
configure:6667: checking how to associate runtime and link libraries
configure:6694: result: printf %s\n
configure:6755: checking for ar
configure:6771: found /usr/bin/ar
configure:6782: result: ar
configure:6819: checking for archiver @FILE support
configure:6836: g++ -c -std=c++11 -O2 -DNDEBUG   conftest.cpp >&5
configure:6836: $? = 0
configure:6839: ar cr libconftest.a @conftest.lst >&5
configure:6842: $? = 0
configure:6847: ar cr libconftest.a @conftest.lst >&5
ar: conftest.o: No such file or directory
configure:6850: $? = 1
configure:6862: result: @
configure:6920: checking for strip
configure:6936: found /usr/bin/strip
configure:6947: result: strip
configure:7019: checking for ranlib
configure:7046: result: ranlib
configure:7148: checking command to parse /usr/bin/nm -B output from gcc object
configure:7301: g++ -c -std=c++11 -O2 -DNDEBUG   conftest.cpp >&5
configure:7304: $? = 0
configure:7308: /usr/bin/nm -B conftest.o \| sed -n -e 's/^.*[ ]\([ABCDGIRSTW][ABCDGIRSTW]*\)[ ][ ]*\([_A-Za-z][_A-Za-z0-9]*\)$/\1 \2 \2/p' | sed '/ __gnu_lto/d' \> conftest.nm
configure:7311: $? = 0
configure:7377: g++ -o conftest -std=c++11 -O2 -DNDEBUG    conftest.cpp conftstm.o >&5
configure:7380: $? = 0
configure:7418: result: ok
configure:7465: checking for sysroot
configure:7495: result: no
configure:7502: checking for a working dd
configure:7540: result: /bin/dd
configure:7544: checking how to truncate binary pipes
configure:7559: result: /bin/dd bs=4096 count=1
configure:7696: g++ -c -std=c++11 -O2 -DNDEBUG   conftest.cpp >&5
configure:7699: $? = 0
configure:7889: checking for mt
configure:7905: found /bin/mt
configure:7916: result: mt
configure:7939: checking if mt is a manifest tool
configure:7945: mt '-?'
configure:7953: result: no
configure:8626: checking for ANSI C header files
configure:8646: g++ -c -std=c++11 -O2 -DNDEBUG   conftest.cpp >&5
configure:8646: $? = 0
./configure: line 8660: conftest.cpp: command not found
configure:8730: result: no
configure:8743: checking for sys/types.h
configure:8743: g++ -c -std=c++11 -O2 -DNDEBUG   conftest.cpp >&5
configure:8743: $? = 0
configure:8743: result: yes
configure:8743: checking for sys/stat.h
configure:8743: g++ -c -std=c++11 -O2 -DNDEBUG   conftest.cpp >&5
configure:8743: $? = 0
configure:8743: result: yes
configure:8743: checking for stdlib.h
configure:8743: g++ -c -std=c++11 -O2 -DNDEBUG   conftest.cpp >&5
configure:8743: $? = 0
configure:8743: result: yes
configure:8743: checking for string.h
configure:8743: g++ -c -std=c++11 -O2 -DNDEBUG   conftest.cpp >&5
configure:8743: $? = 0
configure:8743: result: yes
configure:8743: checking for memory.h
configure:8743: g++ -c -std=c++11 -O2 -DNDEBUG   conftest.cpp >&5
configure:8743: $? = 0
configure:8743: result: yes
configure:8743: checking for strings.h
configure:8743: g++ -c -std=c++11 -O2 -DNDEBUG   conftest.cpp >&5
configure:8743: $? = 0
configure:8743: result: yes
configure:8743: checking for inttypes.h
configure:8743: g++ -c -std=c++11 -O2 -DNDEBUG   conftest.cpp >&5
configure:8743: $? = 0
configure:8743: result: yes
configure:8743: checking for stdint.h
configure:8743: g++ -c -std=c++11 -O2 -DNDEBUG   conftest.cpp >&5
configure:8743: $? = 0
configure:8743: result: yes
configure:8743: checking for unistd.h
configure:8743: g++ -c -std=c++11 -O2 -DNDEBUG   conftest.cpp >&5
configure:8743: $? = 0
configure:8743: result: yes
configure:8757: checking for dlfcn.h
configure:8757: g++ -c -std=c++11 -O2 -DNDEBUG   conftest.cpp >&5
configure:8757: $? = 0
configure:8757: result: yes
configure:9023: checking for objdir
configure:9038: result: .libs
configure:9298: checking if gcc supports -fno-rtti -fno-exceptions
configure:9316: gcc -c -g -O2  -fno-rtti -fno-exceptions conftest.c >&5
cc1: warning: command line option '-fno-rtti' is valid for C++/ObjC++ but not for C
configure:9320: $? = 0
configure:9333: result: no
configure:9691: checking for gcc option to produce PIC
configure:9698: result: -fPIC -DPIC
configure:9706: checking if gcc PIC flag -fPIC -DPIC works
configure:9724: gcc -c -g -O2  -fPIC -DPIC -DPIC conftest.c >&5
configure:9728: $? = 0
configure:9741: result: yes
configure:9770: checking if gcc static flag -static works
configure:9798: result: yes
configure:9813: checking if gcc supports -c -o file.o
configure:9834: gcc -c -g -O2  -o out/conftest2.o conftest.c >&5
configure:9838: $? = 0
configure:9860: result: yes
configure:9868: checking if gcc supports -c -o file.o
configure:9915: result: yes
configure:9948: checking whether the gcc linker (/usr/bin/ld -m elf_x86_64) supports shared libraries
configure:11211: result: yes
configure:11248: checking whether -lc should be explicitly linked in
configure:11256: gcc -c -g -O2  conftest.c >&5
configure:11259: $? = 0
configure:11274: gcc -shared  -fPIC -DPIC conftest.o  -v -Wl,-soname -Wl,conftest -o conftest 2\>\&1 \| /bin/grep  -lc  \>/dev/null 2\>\&1
configure:11277: $? = 0
configure:11291: result: no
configure:11451: checking dynamic linker characteristics
configure:12032: gcc -o conftest -g -O2   -Wl,-rpath -Wl,/foo conftest.c  >&5
configure:12032: $? = 0
configure:12281: result: GNU/Linux ld.so
configure:12403: checking how to hardcode library paths into programs
configure:12428: result: immediate
configure:12976: checking whether stripping libraries is possible
configure:12981: result: yes
configure:13016: checking if libtool supports shared libraries
configure:13018: result: yes
configure:13021: checking whether to build shared libraries
configure:13046: result: yes
configure:13049: checking whether to build static libraries
configure:13053: result: yes
configure:13076: checking how to run the C++ preprocessor
configure:13103: g++ -E  conftest.cpp
configure:13103: $? = 0
configure:13117: g++ -E  conftest.cpp
conftest.cpp:22:28: fatal error: ac_nonexistent.h: No such file or directory
 #include <ac_nonexistent.h>
                            ^
compilation terminated.
configure:13117: $? = 1
configure: failed program was:
| /* confdefs.h */
| #define PACKAGE_NAME "sumo"
| #define PACKAGE_TARNAME "sumo"
| #define PACKAGE_VERSION "0.32.0"
| #define PACKAGE_STRING "sumo 0.32.0"
| #define PACKAGE_BUGREPORT ""
| #define PACKAGE_URL ""
| #define PACKAGE "sumo"
| #define VERSION "0.32.0"
| #define HAVE_SYS_TYPES_H 1
| #define HAVE_SYS_STAT_H 1
| #define HAVE_STDLIB_H 1
| #define HAVE_STRING_H 1
| #define HAVE_MEMORY_H 1
| #define HAVE_STRINGS_H 1
| #define HAVE_INTTYPES_H 1
| #define HAVE_STDINT_H 1
| #define HAVE_UNISTD_H 1
| #define HAVE_DLFCN_H 1
| #define LT_OBJDIR ".libs/"
| /* end confdefs.h.  */
| #include <ac_nonexistent.h>
configure:13142: result: g++ -E
configure:13162: g++ -E  conftest.cpp
configure:13162: $? = 0
configure:13176: g++ -E  conftest.cpp
conftest.cpp:22:28: fatal error: ac_nonexistent.h: No such file or directory
 #include <ac_nonexistent.h>
                            ^
compilation terminated.
configure:13176: $? = 1
configure: failed program was:
| /* confdefs.h */
| #define PACKAGE_NAME "sumo"
| #define PACKAGE_TARNAME "sumo"
| #define PACKAGE_VERSION "0.32.0"
| #define PACKAGE_STRING "sumo 0.32.0"
| #define PACKAGE_BUGREPORT ""
| #define PACKAGE_URL ""
| #define PACKAGE "sumo"
| #define VERSION "0.32.0"
| #define HAVE_SYS_TYPES_H 1
| #define HAVE_SYS_STAT_H 1
| #define HAVE_STDLIB_H 1
| #define HAVE_STRING_H 1
| #define HAVE_MEMORY_H 1
| #define HAVE_STRINGS_H 1
| #define HAVE_INTTYPES_H 1
| #define HAVE_STDINT_H 1
| #define HAVE_UNISTD_H 1
| #define HAVE_DLFCN_H 1
| #define LT_OBJDIR ".libs/"
| /* end confdefs.h.  */
| #include <ac_nonexistent.h>
configure:13338: checking for ld used by g++
configure:13405: result: /usr/bin/ld -m elf_x86_64
configure:13412: checking if the linker (/usr/bin/ld -m elf_x86_64) is GNU ld
configure:13427: result: yes
configure:13482: checking whether the g++ linker (/usr/bin/ld -m elf_x86_64) supports shared libraries
configure:14555: result: yes
configure:14591: g++ -c -std=c++11 -O2 -DNDEBUG   conftest.cpp >&5
configure:14594: $? = 0
configure:15075: checking for g++ option to produce PIC
configure:15082: result: -fPIC -DPIC
configure:15090: checking if g++ PIC flag -fPIC -DPIC works
configure:15108: g++ -c -std=c++11 -O2 -DNDEBUG   -fPIC -DPIC -DPIC conftest.cpp >&5
configure:15112: $? = 0
configure:15125: result: yes
configure:15148: checking if g++ static flag -static works
configure:15176: result: yes
configure:15188: checking if g++ supports -c -o file.o
configure:15209: g++ -c -std=c++11 -O2 -DNDEBUG   -o out/conftest2.o conftest.cpp >&5
configure:15213: $? = 0
configure:15235: result: yes
configure:15240: checking if g++ supports -c -o file.o
configure:15287: result: yes
configure:15317: checking whether the g++ linker (/usr/bin/ld -m elf_x86_64) supports shared libraries
configure:15360: result: yes
configure:15501: checking dynamic linker characteristics
configure:16258: result: GNU/Linux ld.so
configure:16323: checking how to hardcode library paths into programs
configure:16348: result: immediate
configure:16544: checking for pkg-config
configure:16562: found /usr/bin/pkg-config
configure:16574: result: /usr/bin/pkg-config
configure:16599: checking pkg-config is at least version 0.9.0
configure:16602: result: yes
configure:16612: checking for XERCES
configure:16619: $PKG_CONFIG --exists --print-errors "xerces-c >= 3.0"
configure:16622: $? = 0
configure:16636: $PKG_CONFIG --exists --print-errors "xerces-c >= 3.0"
configure:16639: $? = 0
configure:16681: result: yes
configure:16712: checking for main in -lxerces-c
configure:16731: g++ -o conftest -msse2 -mfpmath=sse -std=c++11 -O2 -DNDEBUG    conftest.cpp -lxerces-c   >&5
configure:16731: $? = 0
configure:16741: result: yes
configure:16807: checking xercesc/util/XercesVersion.hpp usability
configure:16807: g++ -c -msse2 -mfpmath=sse -std=c++11 -O2 -DNDEBUG   -I/usr/local/include -I/usr/include conftest.cpp >&5
configure:16807: $? = 0
configure:16807: result: yes
configure:16807: checking xercesc/util/XercesVersion.hpp presence
configure:16807: g++ -E  -I/usr/local/include -I/usr/include conftest.cpp
configure:16807: $? = 0
configure:16807: result: yes
configure:16807: checking for xercesc/util/XercesVersion.hpp
configure:16807: result: yes
configure:16858: checking for main in -lproj
configure:16877: g++ -o conftest -msse2 -mfpmath=sse -std=c++11 -O2 -DNDEBUG    conftest.cpp -lproj   >&5
configure:16877: $? = 0
configure:16886: result: yes
configure:16946: checking proj_api.h usability
configure:16946: g++ -c -msse2 -mfpmath=sse -std=c++11 -O2 -DNDEBUG   conftest.cpp >&5
configure:16946: $? = 0
configure:16946: result: yes
configure:16946: checking proj_api.h presence
configure:16946: g++ -E  conftest.cpp
configure:16946: $? = 0
configure:16946: result: yes
configure:16946: checking for proj_api.h
configure:16946: result: yes
configure:16992: checking for gdal-config
configure:17010: found /usr/bin/gdal-config
configure:17022: result: /usr/bin/gdal-config
configure:17053: checking ogr_api.h usability
configure:17053: g++ -c -msse2 -mfpmath=sse -std=c++11 -O2 -DNDEBUG  -I/usr/include/gdal conftest.cpp >&5
In file included from /usr/include/gdal/cpl_port.h:66:0,
                 from /usr/include/gdal/cpl_progress.h:33,
                 from /usr/include/gdal/ogr_api.h:43,
                 from conftest.cpp:60:
/usr/include/gdal/cpl_config.h:233:0: warning: "PACKAGE_NAME" redefined
 #define PACKAGE_NAME ""
 
conftest.cpp:2:0: note: this is the location of the previous definition
 #define PACKAGE_NAME "sumo"
 
In file included from /usr/include/gdal/cpl_port.h:66:0,
                 from /usr/include/gdal/cpl_progress.h:33,
                 from /usr/include/gdal/ogr_api.h:43,
                 from conftest.cpp:60:
/usr/include/gdal/cpl_config.h:236:0: warning: "PACKAGE_STRING" redefined
 #define PACKAGE_STRING ""
 
conftest.cpp:5:0: note: this is the location of the previous definition
 #define PACKAGE_STRING "sumo 0.32.0"
 
In file included from /usr/include/gdal/cpl_port.h:66:0,
                 from /usr/include/gdal/cpl_progress.h:33,
                 from /usr/include/gdal/ogr_api.h:43,
                 from conftest.cpp:60:
/usr/include/gdal/cpl_config.h:239:0: warning: "PACKAGE_TARNAME" redefined
 #define PACKAGE_TARNAME ""
 
conftest.cpp:3:0: note: this is the location of the previous definition
 #define PACKAGE_TARNAME "sumo"
 
In file included from /usr/include/gdal/cpl_port.h:66:0,
                 from /usr/include/gdal/cpl_progress.h:33,
                 from /usr/include/gdal/ogr_api.h:43,
                 from conftest.cpp:60:
/usr/include/gdal/cpl_config.h:245:0: warning: "PACKAGE_VERSION" redefined
 #define PACKAGE_VERSION ""
 
conftest.cpp:4:0: note: this is the location of the previous definition
 #define PACKAGE_VERSION "0.32.0"
 
configure:17053: $? = 0
configure:17053: result: yes
configure:17053: checking ogr_api.h presence
configure:17053: g++ -E -I/usr/include/gdal conftest.cpp
In file included from /usr/include/gdal/cpl_port.h:66:0,
                 from /usr/include/gdal/cpl_progress.h:33,
                 from /usr/include/gdal/ogr_api.h:43,
                 from conftest.cpp:27:
/usr/include/gdal/cpl_config.h:233:0: warning: "PACKAGE_NAME" redefined
 #define PACKAGE_NAME ""
 
conftest.cpp:2:0: note: this is the location of the previous definition
 #define PACKAGE_NAME "sumo"
 
In file included from /usr/include/gdal/cpl_port.h:66:0,
                 from /usr/include/gdal/cpl_progress.h:33,
                 from /usr/include/gdal/ogr_api.h:43,
                 from conftest.cpp:27:
/usr/include/gdal/cpl_config.h:236:0: warning: "PACKAGE_STRING" redefined
 #define PACKAGE_STRING ""
 
conftest.cpp:5:0: note: this is the location of the previous definition
 #define PACKAGE_STRING "sumo 0.32.0"
 
In file included from /usr/include/gdal/cpl_port.h:66:0,
                 from /usr/include/gdal/cpl_progress.h:33,
                 from /usr/include/gdal/ogr_api.h:43,
                 from conftest.cpp:27:
/usr/include/gdal/cpl_config.h:239:0: warning: "PACKAGE_TARNAME" redefined
 #define PACKAGE_TARNAME ""
 
conftest.cpp:3:0: note: this is the location of the previous definition
 #define PACKAGE_TARNAME "sumo"
 
In file included from /usr/include/gdal/cpl_port.h:66:0,
                 from /usr/include/gdal/cpl_progress.h:33,
                 from /usr/include/gdal/ogr_api.h:43,
                 from conftest.cpp:27:
/usr/include/gdal/cpl_config.h:245:0: warning: "PACKAGE_VERSION" redefined
 #define PACKAGE_VERSION ""
 
conftest.cpp:4:0: note: this is the location of the previous definition
 #define PACKAGE_VERSION "0.32.0"
 
configure:17053: $? = 0
configure:17053: result: yes
configure:17053: checking for ogr_api.h
configure:17053: result: yes
configure:17084: checking for fox-config
configure:17102: found /usr/bin/fox-config
configure:17114: result: /usr/bin/fox-config
configure:17145: checking fxver.h usability
configure:17145: g++ -c -msse2 -mfpmath=sse -std=c++11 -O2 -DNDEBUG  -I/usr/include/fox-1.6 conftest.cpp >&5
configure:17145: $? = 0
configure:17145: result: yes
configure:17145: checking fxver.h presence
configure:17145: g++ -E -I/usr/include/fox-1.6 conftest.cpp
configure:17145: $? = 0
configure:17145: result: yes
configure:17145: checking for fxver.h
configure:17145: result: yes
configure:17184: checking for gtest-config
configure:17217: result: no
configure:17281: checking Python.h usability
configure:17281: g++ -c -msse2 -mfpmath=sse -std=c++11 -O2 -DNDEBUG   -I/usr/include/python2.7 conftest.cpp >&5
configure:17281: $? = 0
configure:17281: result: yes
configure:17281: checking Python.h presence
configure:17281: g++ -E  -I/usr/include/python2.7 conftest.cpp
configure:17281: $? = 0
configure:17281: result: yes
configure:17281: checking for Python.h
configure:17281: result: yes
configure:17371: checking for size_t
configure:17371: g++ -c -msse2 -mfpmath=sse -std=c++11 -O2 -DNDEBUG   conftest.cpp >&5
configure:17371: $? = 0
configure:17371: g++ -c -msse2 -mfpmath=sse -std=c++11 -O2 -DNDEBUG   conftest.cpp >&5
conftest.cpp: In function 'int main()':
conftest.cpp:67:20: error: expected primary-expression before ')' token
 if (sizeof ((size_t)))
                    ^
configure:17371: $? = 1
configure: failed program was:
| /* confdefs.h */
| #define PACKAGE_NAME "sumo"
| #define PACKAGE_TARNAME "sumo"
| #define PACKAGE_VERSION "0.32.0"
| #define PACKAGE_STRING "sumo 0.32.0"
| #define PACKAGE_BUGREPORT ""
| #define PACKAGE_URL ""
| #define PACKAGE "sumo"
| #define VERSION "0.32.0"
| #define HAVE_SYS_TYPES_H 1
| #define HAVE_SYS_STAT_H 1
| #define HAVE_STDLIB_H 1
| #define HAVE_STRING_H 1
| #define HAVE_MEMORY_H 1
| #define HAVE_STRINGS_H 1
| #define HAVE_INTTYPES_H 1
| #define HAVE_STDINT_H 1
| #define HAVE_UNISTD_H 1
| #define HAVE_DLFCN_H 1
| #define LT_OBJDIR ".libs/"
| #define POSITION_EPS 0.1
| #define NUMERICAL_EPS 0.001
| #define VERSION_STRING "0.32.0"
| #define XERCES3_SIZE_t XMLSize_t
| #define HAVE_PROJ 1
| #define HAVE_GDAL 1
| #define HAVE_FOX 1
| #define HAVE_PYTHON 1
| #define HAVE_ENABLED "x86_64-pc-linux-gnu TRACI PROJ GDAL GUI Python"
| /* end confdefs.h.  */
| #include <stdio.h>
| #ifdef HAVE_SYS_TYPES_H
| # include <sys/types.h>
| #endif
| #ifdef HAVE_SYS_STAT_H
| # include <sys/stat.h>
| #endif
| #ifdef STDC_HEADERS
| # include <stdlib.h>
| # include <stddef.h>
| #else
| # ifdef HAVE_STDLIB_H
| #  include <stdlib.h>
| # endif
| #endif
| #ifdef HAVE_STRING_H
| # if !defined STDC_HEADERS && defined HAVE_MEMORY_H
| #  include <memory.h>
| # endif
| # include <string.h>
| #endif
| #ifdef HAVE_STRINGS_H
| # include <strings.h>
| #endif
| #ifdef HAVE_INTTYPES_H
| # include <inttypes.h>
| #endif
| #ifdef HAVE_STDINT_H
| # include <stdint.h>
| #endif
| #ifdef HAVE_UNISTD_H
| # include <unistd.h>
| #endif
| int
| main ()
| {
| if (sizeof ((size_t)))
| 	    return 0;
|   ;
|   return 0;
| }
configure:17371: result: yes
configure:17384: checking for working alloca.h
configure:17401: g++ -o conftest -msse2 -mfpmath=sse -std=c++11 -O2 -DNDEBUG    conftest.cpp  >&5
configure:17401: $? = 0
configure:17409: result: yes
configure:17417: checking for alloca
configure:17454: g++ -o conftest -msse2 -mfpmath=sse -std=c++11 -O2 -DNDEBUG    conftest.cpp  >&5
configure:17454: $? = 0
configure:17462: result: yes
configure:17568: checking for ANSI C header files
configure:17672: result: no
configure:17683: checking float.h usability
configure:17683: g++ -c -msse2 -mfpmath=sse -std=c++11 -O2 -DNDEBUG   conftest.cpp >&5
configure:17683: $? = 0
configure:17683: result: yes
configure:17683: checking float.h presence
configure:17683: g++ -E  conftest.cpp
configure:17683: $? = 0
configure:17683: result: yes
configure:17683: checking for float.h
configure:17683: result: yes
configure:17683: checking limits.h usability
configure:17683: g++ -c -msse2 -mfpmath=sse -std=c++11 -O2 -DNDEBUG   conftest.cpp >&5
configure:17683: $? = 0
configure:17683: result: yes
configure:17683: checking limits.h presence
configure:17683: g++ -E  conftest.cpp
configure:17683: $? = 0
configure:17683: result: yes
configure:17683: checking for limits.h
configure:17683: result: yes
configure:17683: checking malloc.h usability
configure:17683: g++ -c -msse2 -mfpmath=sse -std=c++11 -O2 -DNDEBUG   conftest.cpp >&5
configure:17683: $? = 0
configure:17683: result: yes
configure:17683: checking malloc.h presence
configure:17683: g++ -E  conftest.cpp
configure:17683: $? = 0
configure:17683: result: yes
configure:17683: checking for malloc.h
configure:17683: result: yes
configure:17683: checking math.h usability
configure:17683: g++ -c -msse2 -mfpmath=sse -std=c++11 -O2 -DNDEBUG   conftest.cpp >&5
configure:17683: $? = 0
configure:17683: result: yes
configure:17683: checking math.h presence
configure:17683: g++ -E  conftest.cpp
configure:17683: $? = 0
configure:17683: result: yes
configure:17683: checking for math.h
configure:17683: result: yes
configure:17683: checking stddef.h usability
configure:17683: g++ -c -msse2 -mfpmath=sse -std=c++11 -O2 -DNDEBUG   conftest.cpp >&5
configure:17683: $? = 0
configure:17683: result: yes
configure:17683: checking stddef.h presence
configure:17683: g++ -E  conftest.cpp
configure:17683: $? = 0
configure:17683: result: yes
configure:17683: checking for stddef.h
configure:17683: result: yes
configure:17683: checking for stdlib.h
configure:17683: result: yes
configure:17683: checking for string.h
configure:17683: result: yes
configure:17683: checking sys/time.h usability
configure:17683: g++ -c -msse2 -mfpmath=sse -std=c++11 -O2 -DNDEBUG   conftest.cpp >&5
configure:17683: $? = 0
configure:17683: result: yes
configure:17683: checking sys/time.h presence
configure:17683: g++ -E  conftest.cpp
configure:17683: $? = 0
configure:17683: result: yes
configure:17683: checking for sys/time.h
configure:17683: result: yes
configure:17683: checking for unistd.h
configure:17683: result: yes
configure:17683: checking wchar.h usability
configure:17683: g++ -c -msse2 -mfpmath=sse -std=c++11 -O2 -DNDEBUG   conftest.cpp >&5
configure:17683: $? = 0
configure:17683: result: yes
configure:17683: checking wchar.h presence
configure:17683: g++ -E  conftest.cpp
configure:17683: $? = 0
configure:17683: result: yes
configure:17683: checking for wchar.h
configure:17683: result: yes
configure:17694: checking for stdbool.h that conforms to C99
configure:17761: g++ -c -msse2 -mfpmath=sse -std=c++11 -O2 -DNDEBUG   conftest.cpp >&5
conftest.cpp:46:15: error: expected unqualified-id before string constant
               "error: bool is not defined"
               ^~~~~~~~~~~~~~~~~~~~~~~~~~~~
conftest.cpp:64:48: error: 's' does not name a type
              struct s { _Bool s: 1; _Bool t; } s;
                                                ^
conftest.cpp:74:28: error: 's' was not declared in this scope
              char i[sizeof s.t];
                            ^
conftest.cpp: In function 'int main()':
conftest.cpp:92:24: error: 's' was not declared in this scope
              bool e = &s;
                        ^
conftest.cpp:96:63: error: 'i' was not declared in this scope
              return (!a + !b + !c + !d + !e + !f + !g + !h + !i + !!j + !k + !!l
                                                               ^
configure:17761: $? = 1
configure: failed program was:
| /* confdefs.h */
| #define PACKAGE_NAME "sumo"
| #define PACKAGE_TARNAME "sumo"
| #define PACKAGE_VERSION "0.32.0"
| #define PACKAGE_STRING "sumo 0.32.0"
| #define PACKAGE_BUGREPORT ""
| #define PACKAGE_URL ""
| #define PACKAGE "sumo"
| #define VERSION "0.32.0"
| #define HAVE_SYS_TYPES_H 1
| #define HAVE_SYS_STAT_H 1
| #define HAVE_STDLIB_H 1
| #define HAVE_STRING_H 1
| #define HAVE_MEMORY_H 1
| #define HAVE_STRINGS_H 1
| #define HAVE_INTTYPES_H 1
| #define HAVE_STDINT_H 1
| #define HAVE_UNISTD_H 1
| #define HAVE_DLFCN_H 1
| #define LT_OBJDIR ".libs/"
| #define POSITION_EPS 0.1
| #define NUMERICAL_EPS 0.001
| #define VERSION_STRING "0.32.0"
| #define XERCES3_SIZE_t XMLSize_t
| #define HAVE_PROJ 1
| #define HAVE_GDAL 1
| #define HAVE_FOX 1
| #define HAVE_PYTHON 1
| #define HAVE_ENABLED "x86_64-pc-linux-gnu TRACI PROJ GDAL GUI Python"
| #define HAVE_ALLOCA_H 1
| #define HAVE_ALLOCA 1
| #define HAVE_FLOAT_H 1
| #define HAVE_LIMITS_H 1
| #define HAVE_MALLOC_H 1
| #define HAVE_MATH_H 1
| #define HAVE_STDDEF_H 1
| #define HAVE_STDLIB_H 1
| #define HAVE_STRING_H 1
| #define HAVE_SYS_TIME_H 1
| #define HAVE_UNISTD_H 1
| #define HAVE_WCHAR_H 1
| /* end confdefs.h.  */
| 
|              #include <stdbool.h>
|              #ifndef bool
|               "error: bool is not defined"
|              #endif
|              #ifndef false
|               "error: false is not defined"
|              #endif
|              #if false
|               "error: false is not 0"
|              #endif
|              #ifndef true
|               "error: true is not defined"
|              #endif
|              #if true != 1
|               "error: true is not 1"
|              #endif
|              #ifndef __bool_true_false_are_defined
|               "error: __bool_true_false_are_defined is not defined"
|              #endif
| 
|              struct s { _Bool s: 1; _Bool t; } s;
| 
|              char a[true == 1 ? 1 : -1];
|              char b[false == 0 ? 1 : -1];
|              char c[__bool_true_false_are_defined == 1 ? 1 : -1];
|              char d[(bool) 0.5 == true ? 1 : -1];
|              /* See body of main program for 'e'.  */
|              char f[(_Bool) 0.0 == false ? 1 : -1];
|              char g[true];
|              char h[sizeof (_Bool)];
|              char i[sizeof s.t];
|              enum { j = false, k = true, l = false * true, m = true * 256 };
|              /* The following fails for
|                 HP aC++/ANSI C B3910B A.05.55 [Dec 04 2003]. */
|              _Bool n[m];
|              char o[sizeof n == m * sizeof n[0] ? 1 : -1];
|              char p[-1 - (_Bool) 0 < 0 && -1 - (bool) 0 < 0 ? 1 : -1];
|              /* Catch a bug in an HP-UX C compiler.  See
|                 http://gcc.gnu.org/ml/gcc-patches/2003-12/msg02303.html
|                 http://lists.gnu.org/archive/html/bug-coreutils/2005-11/msg00161.html
|               */
|              _Bool q = true;
|              _Bool *pq = &q;
| 
| int
| main ()
| {
| 
|              bool e = &s;
|              *pq |= q;
|              *pq |= ! q;
|              /* Refer to every declared value, to avoid compiler optimizations.  */
|              return (!a + !b + !c + !d + !e + !f + !g + !h + !i + !!j + !k + !!l
|                      + !m + !n + !o + !p + !q + !pq);
| 
|   ;
|   return 0;
| }
configure:17768: result: no
configure:17770: checking for _Bool
configure:17770: g++ -c -msse2 -mfpmath=sse -std=c++11 -O2 -DNDEBUG   conftest.cpp >&5
conftest.cpp: In function 'int main()':
conftest.cpp:79:13: error: '_Bool' was not declared in this scope
 if (sizeof (_Bool))
             ^~~~~
configure:17770: $? = 1
configure: failed program was:
| /* confdefs.h */
| #define PACKAGE_NAME "sumo"
| #define PACKAGE_TARNAME "sumo"
| #define PACKAGE_VERSION "0.32.0"
| #define PACKAGE_STRING "sumo 0.32.0"
| #define PACKAGE_BUGREPORT ""
| #define PACKAGE_URL ""
| #define PACKAGE "sumo"
| #define VERSION "0.32.0"
| #define HAVE_SYS_TYPES_H 1
| #define HAVE_SYS_STAT_H 1
| #define HAVE_STDLIB_H 1
| #define HAVE_STRING_H 1
| #define HAVE_MEMORY_H 1
| #define HAVE_STRINGS_H 1
| #define HAVE_INTTYPES_H 1
| #define HAVE_STDINT_H 1
| #define HAVE_UNISTD_H 1
| #define HAVE_DLFCN_H 1
| #define LT_OBJDIR ".libs/"
| #define POSITION_EPS 0.1
| #define NUMERICAL_EPS 0.001
| #define VERSION_STRING "0.32.0"
| #define XERCES3_SIZE_t XMLSize_t
| #define HAVE_PROJ 1
| #define HAVE_GDAL 1
| #define HAVE_FOX 1
| #define HAVE_PYTHON 1
| #define HAVE_ENABLED "x86_64-pc-linux-gnu TRACI PROJ GDAL GUI Python"
| #define HAVE_ALLOCA_H 1
| #define HAVE_ALLOCA 1
| #define HAVE_FLOAT_H 1
| #define HAVE_LIMITS_H 1
| #define HAVE_MALLOC_H 1
| #define HAVE_MATH_H 1
| #define HAVE_STDDEF_H 1
| #define HAVE_STDLIB_H 1
| #define HAVE_STRING_H 1
| #define HAVE_SYS_TIME_H 1
| #define HAVE_UNISTD_H 1
| #define HAVE_WCHAR_H 1
| /* end confdefs.h.  */
| #include <stdio.h>
| #ifdef HAVE_SYS_TYPES_H
| # include <sys/types.h>
| #endif
| #ifdef HAVE_SYS_STAT_H
| # include <sys/stat.h>
| #endif
| #ifdef STDC_HEADERS
| # include <stdlib.h>
| # include <stddef.h>
| #else
| # ifdef HAVE_STDLIB_H
| #  include <stdlib.h>
| # endif
| #endif
| #ifdef HAVE_STRING_H
| # if !defined STDC_HEADERS && defined HAVE_MEMORY_H
| #  include <memory.h>
| # endif
| # include <string.h>
| #endif
| #ifdef HAVE_STRINGS_H
| # include <strings.h>
| #endif
| #ifdef HAVE_INTTYPES_H
| # include <inttypes.h>
| #endif
| #ifdef HAVE_STDINT_H
| # include <stdint.h>
| #endif
| #ifdef HAVE_UNISTD_H
| # include <unistd.h>
| #endif
| int
| main ()
| {
| if (sizeof (_Bool))
| 	 return 0;
|   ;
|   return 0;
| }
configure:17770: result: no
configure:17787: checking for an ANSI C-conforming const
configure:17853: g++ -c -msse2 -mfpmath=sse -std=c++11 -O2 -DNDEBUG   conftest.cpp >&5
configure:17853: $? = 0
configure:17860: result: yes
configure:17868: checking for inline
configure:17884: g++ -c -msse2 -mfpmath=sse -std=c++11 -O2 -DNDEBUG   conftest.cpp >&5
configure:17884: $? = 0
configure:17892: result: inline
configure:17910: checking for size_t
configure:17910: result: yes
configure:17921: checking whether time.h and sys/time.h may both be included
configure:17941: g++ -c -msse2 -mfpmath=sse -std=c++11 -O2 -DNDEBUG   conftest.cpp >&5
configure:17941: $? = 0
configure:17948: result: yes
configure:17956: checking whether struct tm is in sys/time.h or time.h
configure:17976: g++ -c -msse2 -mfpmath=sse -std=c++11 -O2 -DNDEBUG   conftest.cpp >&5
configure:17976: $? = 0
configure:17983: result: time.h
configure:17991: checking for working volatile
configure:18010: g++ -c -msse2 -mfpmath=sse -std=c++11 -O2 -DNDEBUG   conftest.cpp >&5
configure:18010: $? = 0
configure:18017: result: yes
configure:18026: checking for error_at_line
configure:18042: g++ -o conftest -msse2 -mfpmath=sse -std=c++11 -O2 -DNDEBUG    conftest.cpp  >&5
configure:18042: $? = 0
configure:18050: result: yes
configure:18064: checking sys/select.h usability
configure:18064: g++ -c -msse2 -mfpmath=sse -std=c++11 -O2 -DNDEBUG   conftest.cpp >&5
configure:18064: $? = 0
configure:18064: result: yes
configure:18064: checking sys/select.h presence
configure:18064: g++ -E  conftest.cpp
configure:18064: $? = 0
configure:18064: result: yes
configure:18064: checking for sys/select.h
configure:18064: result: yes
configure:18064: checking sys/socket.h usability
configure:18064: g++ -c -msse2 -mfpmath=sse -std=c++11 -O2 -DNDEBUG   conftest.cpp >&5
configure:18064: $? = 0
configure:18064: result: yes
configure:18064: checking sys/socket.h presence
configure:18064: g++ -E  conftest.cpp
configure:18064: $? = 0
configure:18064: result: yes
configure:18064: checking for sys/socket.h
configure:18064: result: yes
configure:18074: checking types of arguments for select
configure:18102: g++ -c -msse2 -mfpmath=sse -std=c++11 -O2 -DNDEBUG   conftest.cpp >&5
configure:18102: $? = 0
configure:18113: result: int,fd_set *,struct timeval *
configure:18136: checking return type of signal handlers
configure:18154: g++ -c -msse2 -mfpmath=sse -std=c++11 -O2 -DNDEBUG   conftest.cpp >&5
conftest.cpp: In function 'int main()':
conftest.cpp:55:25: error: void value not ignored as it ought to be
 return *(signal (0, 0)) (0) == 1;
         ~~~~~~~~~~~~~~~~^~~
configure:18154: $? = 1
configure: failed program was:
| /* confdefs.h */
| #define PACKAGE_NAME "sumo"
| #define PACKAGE_TARNAME "sumo"
| #define PACKAGE_VERSION "0.32.0"
| #define PACKAGE_STRING "sumo 0.32.0"
| #define PACKAGE_BUGREPORT ""
| #define PACKAGE_URL ""
| #define PACKAGE "sumo"
| #define VERSION "0.32.0"
| #define HAVE_SYS_TYPES_H 1
| #define HAVE_SYS_STAT_H 1
| #define HAVE_STDLIB_H 1
| #define HAVE_STRING_H 1
| #define HAVE_MEMORY_H 1
| #define HAVE_STRINGS_H 1
| #define HAVE_INTTYPES_H 1
| #define HAVE_STDINT_H 1
| #define HAVE_UNISTD_H 1
| #define HAVE_DLFCN_H 1
| #define LT_OBJDIR ".libs/"
| #define POSITION_EPS 0.1
| #define NUMERICAL_EPS 0.001
| #define VERSION_STRING "0.32.0"
| #define XERCES3_SIZE_t XMLSize_t
| #define HAVE_PROJ 1
| #define HAVE_GDAL 1
| #define HAVE_FOX 1
| #define HAVE_PYTHON 1
| #define HAVE_ENABLED "x86_64-pc-linux-gnu TRACI PROJ GDAL GUI Python"
| #define HAVE_ALLOCA_H 1
| #define HAVE_ALLOCA 1
| #define HAVE_FLOAT_H 1
| #define HAVE_LIMITS_H 1
| #define HAVE_MALLOC_H 1
| #define HAVE_MATH_H 1
| #define HAVE_STDDEF_H 1
| #define HAVE_STDLIB_H 1
| #define HAVE_STRING_H 1
| #define HAVE_SYS_TIME_H 1
| #define HAVE_UNISTD_H 1
| #define HAVE_WCHAR_H 1
| #define TIME_WITH_SYS_TIME 1
| #define HAVE_SYS_SELECT_H 1
| #define HAVE_SYS_SOCKET_H 1
| #define SELECT_TYPE_ARG1 int
| #define SELECT_TYPE_ARG234 (fd_set *)
| #define SELECT_TYPE_ARG5 (struct timeval *)
| /* end confdefs.h.  */
| #include <sys/types.h>
| #include <signal.h>
| 
| int
| main ()
| {
| return *(signal (0, 0)) (0) == 1;
|   ;
|   return 0;
| }
configure:18161: result: void
configure:18169: checking whether lstat correctly handles trailing slash
configure:18195: g++ -o conftest -msse2 -mfpmath=sse -std=c++11 -O2 -DNDEBUG    conftest.cpp  >&5
configure:18195: $? = 0
configure:18195: ./conftest
configure:18195: $? = 0
configure:18212: result: yes
configure:18231: checking whether stat accepts an empty string
configure:18251: g++ -o conftest -msse2 -mfpmath=sse -std=c++11 -O2 -DNDEBUG    conftest.cpp  >&5
configure:18251: $? = 0
configure:18251: ./conftest
configure:18251: $? = 0
configure:18261: result: no
configure:18280: checking for floor
configure:18280: g++ -o conftest -msse2 -mfpmath=sse -std=c++11 -O2 -DNDEBUG    conftest.cpp  >&5
configure:18280: $? = 0
configure:18280: result: yes
configure:18280: checking for getcwd
configure:18280: g++ -o conftest -msse2 -mfpmath=sse -std=c++11 -O2 -DNDEBUG    conftest.cpp  >&5
configure:18280: $? = 0
configure:18280: result: yes
configure:18280: checking for gettimeofday
configure:18280: g++ -o conftest -msse2 -mfpmath=sse -std=c++11 -O2 -DNDEBUG    conftest.cpp  >&5
configure:18280: $? = 0
configure:18280: result: yes
configure:18280: checking for memset
configure:18280: g++ -o conftest -msse2 -mfpmath=sse -std=c++11 -O2 -DNDEBUG    conftest.cpp  >&5
configure:18280: $? = 0
configure:18280: result: yes
configure:18280: checking for pow
configure:18280: g++ -o conftest -msse2 -mfpmath=sse -std=c++11 -O2 -DNDEBUG    conftest.cpp  >&5
configure:18280: $? = 0
configure:18280: result: yes
configure:18280: checking for select
configure:18280: g++ -o conftest -msse2 -mfpmath=sse -std=c++11 -O2 -DNDEBUG    conftest.cpp  >&5
configure:18280: $? = 0
configure:18280: result: yes
configure:18280: checking for socket
configure:18280: g++ -o conftest -msse2 -mfpmath=sse -std=c++11 -O2 -DNDEBUG    conftest.cpp  >&5
configure:18280: $? = 0
configure:18280: result: yes
configure:18280: checking for sqrt
configure:18280: g++ -o conftest -msse2 -mfpmath=sse -std=c++11 -O2 -DNDEBUG    conftest.cpp  >&5
configure:18280: $? = 0
configure:18280: result: yes
configure:18402: checking that generated files are newer than configure
configure:18408: result: done
configure:18451: creating ./config.status

## ---------------------- ##
## Running config.status. ##
## ---------------------- ##

This file was extended by sumo config.status 0.32.0, which was
generated by GNU Autoconf 2.69.  Invocation command line was

  CONFIG_FILES    = 
  CONFIG_HEADERS  = 
  CONFIG_LINKS    = 
  CONFIG_COMMANDS = 
  $ ./config.status 

on instant-veins

config.status:1298: creating src/Makefile
config.status:1298: creating src/activitygen/Makefile
config.status:1298: creating src/activitygen/activities/Makefile
config.status:1298: creating src/activitygen/city/Makefile
config.status:1298: creating src/foreign/Makefile
config.status:1298: creating src/foreign/eulerspiral/Makefile
config.status:1298: creating src/foreign/fontstash/Makefile
config.status:1298: creating src/foreign/gl2ps/Makefile
config.status:1298: creating src/foreign/PHEMlight/Makefile
config.status:1298: creating src/foreign/PHEMlight/cpp/Makefile
config.status:1298: creating src/foreign/rtree/Makefile
config.status:1298: creating src/foreign/tcpip/Makefile
config.status:1298: creating src/gui/Makefile
config.status:1298: creating src/gui/dialogs/Makefile
config.status:1298: creating src/guinetload/Makefile
config.status:1298: creating src/guisim/Makefile
config.status:1298: creating src/microsim/Makefile
config.status:1298: creating src/microsim/actions/Makefile
config.status:1298: creating src/microsim/cfmodels/Makefile
config.status:1298: creating src/microsim/devices/Makefile
config.status:1298: creating src/microsim/lcmodels/Makefile
config.status:1298: creating src/microsim/logging/Makefile
config.status:1298: creating src/microsim/output/Makefile
config.status:1298: creating src/microsim/pedestrians/Makefile
config.status:1298: creating src/microsim/traffic_lights/Makefile
config.status:1298: creating src/microsim/trigger/Makefile
config.status:1298: creating src/marouter/Makefile
config.status:1298: creating src/netbuild/Makefile
config.status:1298: creating src/netedit/Makefile
config.status:1298: creating src/mesogui/Makefile
config.status:1298: creating src/mesosim/Makefile
config.status:1298: creating src/osgview/Makefile
config.status:1298: creating src/netgen/Makefile
config.status:1298: creating src/netimport/Makefile
config.status:1298: creating src/netimport/vissim/Makefile
config.status:1298: creating src/netimport/vissim/tempstructs/Makefile
config.status:1298: creating src/netimport/vissim/typeloader/Makefile
config.status:1298: creating src/netload/Makefile
config.status:1298: creating src/netwrite/Makefile
config.status:1298: creating src/od/Makefile
config.status:1298: creating src/polyconvert/Makefile
config.status:1298: creating src/router/Makefile
config.status:1298: creating src/dfrouter/Makefile
config.status:1298: creating src/duarouter/Makefile
config.status:1298: creating src/jtrrouter/Makefile
config.status:1298: creating src/tools/Makefile
config.status:1298: creating src/traci_testclient/Makefile
config.status:1298: creating src/traci-server/Makefile
config.status:1298: creating src/libsumo/Makefile
config.status:1298: creating src/utils/Makefile
config.status:1298: creating src/utils/common/Makefile
config.status:1298: creating src/utils/distribution/Makefile
config.status:1298: creating src/utils/emissions/Makefile
config.status:1298: creating src/utils/foxtools/Makefile
config.status:1298: creating src/utils/geom/Makefile
config.status:1298: creating src/utils/gui/Makefile
config.status:1298: creating src/utils/gui/div/Makefile
config.status:1298: creating src/utils/gui/events/Makefile
config.status:1298: creating src/utils/gui/globjects/Makefile
config.status:1298: creating src/utils/gui/images/Makefile
config.status:1298: creating src/utils/gui/settings/Makefile
config.status:1298: creating src/utils/gui/tracker/Makefile
config.status:1298: creating src/utils/gui/windows/Makefile
config.status:1298: creating src/utils/importio/Makefile
config.status:1298: creating src/utils/iodevices/Makefile
config.status:1298: creating src/utils/options/Makefile
config.status:1298: creating src/utils/shapes/Makefile
config.status:1298: creating src/utils/traci/Makefile
config.status:1298: creating src/utils/vehicle/Makefile
config.status:1298: creating src/utils/xml/Makefile
config.status:1298: creating unittest/Makefile
config.status:1298: creating unittest/src/Makefile
config.status:1298: creating unittest/src/microsim/Makefile
config.status:1298: creating unittest/src/netbuild/Makefile
config.status:1298: creating unittest/src/utils/Makefile
config.status:1298: creating unittest/src/utils/common/Makefile
config.status:1298: creating unittest/src/utils/foxtools/Makefile
config.status:1298: creating unittest/src/utils/geom/Makefile
config.status:1298: creating unittest/src/utils/iodevices/Makefile
config.status:1298: creating bin/Makefile
config.status:1298: creating Makefile
config.status:1298: creating src/config.h
config.status:1527: executing depfiles commands
config.status:1527: executing libtool commands
configure:20941: result: 
configure:20943: result: Optional features summary
configure:20945: result: -------------------------
configure:20947: result: Enabled: TRACI PROJ GDAL GUI Python
configure:20949: result: Disabled: Debug Profiling Coverage PIC UnitTests OSG ffmpeg

## ---------------- ##
## Cache variables. ##
## ---------------- ##

ac_cv_build=x86_64-pc-linux-gnu
ac_cv_c_compiler_gnu=yes
ac_cv_c_const=yes
ac_cv_c_inline=inline
ac_cv_c_volatile=yes
ac_cv_cxx_compiler_gnu=yes
ac_cv_env_CCC_set=
ac_cv_env_CCC_value=
ac_cv_env_CC_set=
ac_cv_env_CC_value=
ac_cv_env_CFLAGS_set=
ac_cv_env_CFLAGS_value=
ac_cv_env_CPPFLAGS_set=
ac_cv_env_CPPFLAGS_value=
ac_cv_env_CPP_set=
ac_cv_env_CPP_value=
ac_cv_env_CXXCPP_set=
ac_cv_env_CXXCPP_value=
ac_cv_env_CXXFLAGS_set=
ac_cv_env_CXXFLAGS_value=
ac_cv_env_CXX_set=
ac_cv_env_CXX_value=
ac_cv_env_LDFLAGS_set=
ac_cv_env_LDFLAGS_value=
ac_cv_env_LIBS_set=
ac_cv_env_LIBS_value=
ac_cv_env_LT_SYS_LIBRARY_PATH_set=
ac_cv_env_LT_SYS_LIBRARY_PATH_value=
ac_cv_env_PKG_CONFIG_LIBDIR_set=
ac_cv_env_PKG_CONFIG_LIBDIR_value=
ac_cv_env_PKG_CONFIG_PATH_set=
ac_cv_env_PKG_CONFIG_PATH_value=
ac_cv_env_PKG_CONFIG_set=
ac_cv_env_PKG_CONFIG_value=
ac_cv_env_XERCES_CFLAGS_set=
ac_cv_env_XERCES_CFLAGS_value=
ac_cv_env_XERCES_LIBS_set=
ac_cv_env_XERCES_LIBS_value=
ac_cv_env_build_alias_set=
ac_cv_env_build_alias_value=
ac_cv_env_host_alias_set=
ac_cv_env_host_alias_value=
ac_cv_env_target_alias_set=
ac_cv_env_target_alias_value=
ac_cv_func_alloca_works=yes
ac_cv_func_floor=yes
ac_cv_func_getcwd=yes
ac_cv_func_gettimeofday=yes
ac_cv_func_lstat_dereferences_slashed_symlink=yes
ac_cv_func_memset=yes
ac_cv_func_pow=yes
ac_cv_func_select=yes
ac_cv_func_select_args='int,fd_set *,struct timeval *'
ac_cv_func_socket=yes
ac_cv_func_sqrt=yes
ac_cv_func_stat_empty_string_bug=no
ac_cv_header_Python_h=yes
ac_cv_header_dlfcn_h=yes
ac_cv_header_float_h=yes
ac_cv_header_fxver_h=yes
ac_cv_header_inttypes_h=yes
ac_cv_header_limits_h=yes
ac_cv_header_malloc_h=yes
ac_cv_header_math_h=yes
ac_cv_header_memory_h=yes
ac_cv_header_ogr_api_h=yes
ac_cv_header_proj_api_h=yes
ac_cv_header_stdbool_h=no
ac_cv_header_stdc=no
ac_cv_header_stddef_h=yes
ac_cv_header_stdint_h=yes
ac_cv_header_stdlib_h=yes
ac_cv_header_string_h=yes
ac_cv_header_strings_h=yes
ac_cv_header_sys_select_h=yes
ac_cv_header_sys_socket_h=yes
ac_cv_header_sys_stat_h=yes
ac_cv_header_sys_time_h=yes
ac_cv_header_sys_types_h=yes
ac_cv_header_time=yes
ac_cv_header_unistd_h=yes
ac_cv_header_wchar_h=yes
ac_cv_header_xercesc_util_XercesVersion_hpp=yes
ac_cv_host=x86_64-pc-linux-gnu
ac_cv_lib_error_at_line=yes
ac_cv_lib_proj_main=yes
ac_cv_lib_xerces_c___main=yes
ac_cv_objext=o
ac_cv_path_EGREP='/bin/grep -E'
ac_cv_path_FGREP='/bin/grep -F'
ac_cv_path_FOX_CONFIG=/usr/bin/fox-config
ac_cv_path_GDAL_CONFIG=/usr/bin/gdal-config
ac_cv_path_GREP=/bin/grep
ac_cv_path_SED=/bin/sed
ac_cv_path_ac_pt_PKG_CONFIG=/usr/bin/pkg-config
ac_cv_path_install='/usr/bin/install -c'
ac_cv_path_lt_DD=/bin/dd
ac_cv_path_mkdir=/bin/mkdir
ac_cv_prog_AWK=gawk
ac_cv_prog_CPP='gcc -E'
ac_cv_prog_CXXCPP='g++ -E'
ac_cv_prog_ac_ct_AR=ar
ac_cv_prog_ac_ct_CC=gcc
ac_cv_prog_ac_ct_CXX=g++
ac_cv_prog_ac_ct_MANIFEST_TOOL=mt
ac_cv_prog_ac_ct_OBJDUMP=objdump
ac_cv_prog_ac_ct_RANLIB=ranlib
ac_cv_prog_ac_ct_STRIP=strip
ac_cv_prog_cc_c89=
ac_cv_prog_cc_g=yes
ac_cv_prog_cxx_g=yes
ac_cv_prog_make_make_set=yes
ac_cv_struct_tm=time.h
ac_cv_target=x86_64-pc-linux-gnu
ac_cv_type__Bool=no
ac_cv_type_signal=void
ac_cv_type_size_t=yes
ac_cv_working_alloca_h=yes
am_cv_CC_dependencies_compiler_type=gcc3
am_cv_CXX_dependencies_compiler_type=gcc3
am_cv_make_support_nested_variables=yes
am_cv_prog_cc_c_o=yes
am_cv_prog_tar_ustar=gnutar
lt_cv_ar_at_file=@
lt_cv_archive_cmds_need_lc=no
lt_cv_deplibs_check_method=pass_all
lt_cv_file_magic_cmd='$MAGIC_CMD'
lt_cv_file_magic_test_file=
lt_cv_ld_reload_flag=-r
lt_cv_nm_interface='BSD nm'
lt_cv_objdir=.libs
lt_cv_path_LD=/usr/bin/ld
lt_cv_path_LDCXX='/usr/bin/ld -m elf_x86_64'
lt_cv_path_NM='/usr/bin/nm -B'
lt_cv_path_mainfest_tool=no
lt_cv_prog_compiler_c_o=yes
lt_cv_prog_compiler_c_o_CXX=yes
lt_cv_prog_compiler_pic='-fPIC -DPIC'
lt_cv_prog_compiler_pic_CXX='-fPIC -DPIC'
lt_cv_prog_compiler_pic_works=yes
lt_cv_prog_compiler_pic_works_CXX=yes
lt_cv_prog_compiler_rtti_exceptions=no
lt_cv_prog_compiler_static_works=yes
lt_cv_prog_compiler_static_works_CXX=yes
lt_cv_prog_gnu_ld=yes
lt_cv_prog_gnu_ldcxx=yes
lt_cv_sharedlib_from_linklib_cmd='printf %s\n'
lt_cv_shlibpath_overrides_runpath=yes
lt_cv_sys_global_symbol_pipe='sed -n -e '\''s/^.*[	 ]\([ABCDGIRSTW][ABCDGIRSTW]*\)[	 ][	 ]*\([_A-Za-z][_A-Za-z0-9]*\)$/\1 \2 \2/p'\'' | sed '\''/ __gnu_lto/d'\'''
lt_cv_sys_global_symbol_to_c_name_address='sed -n -e '\''s/^: \(.*\) .*$/  {"\1", (void *) 0},/p'\'' -e '\''s/^[ABCDGIRSTW][ABCDGIRSTW]* .* \(.*\)$/  {"\1", (void *) \&\1},/p'\'''
lt_cv_sys_global_symbol_to_c_name_address_lib_prefix='sed -n -e '\''s/^: \(.*\) .*$/  {"\1", (void *) 0},/p'\'' -e '\''s/^[ABCDGIRSTW][ABCDGIRSTW]* .* \(lib.*\)$/  {"\1", (void *) \&\1},/p'\'' -e '\''s/^[ABCDGIRSTW][ABCDGIRSTW]* .* \(.*\)$/  {"lib\1", (void *) \&\1},/p'\'''
lt_cv_sys_global_symbol_to_cdecl='sed -n -e '\''s/^T .* \(.*\)$/extern int \1();/p'\'' -e '\''s/^[ABCDGIRSTW][ABCDGIRSTW]* .* \(.*\)$/extern char \1;/p'\'''
lt_cv_sys_global_symbol_to_import=
lt_cv_sys_max_cmd_len=1572864
lt_cv_to_host_file_cmd=func_convert_file_noop
lt_cv_to_tool_file_cmd=func_convert_file_noop
lt_cv_truncate_bin='/bin/dd bs=4096 count=1'
pkg_cv_XERCES_CFLAGS=
pkg_cv_XERCES_LIBS=-lxerces-c

## ----------------- ##
## Output variables. ##
## ----------------- ##

ACLOCAL='${SHELL} /home/veins/src/sumo-0.32.0/missing aclocal-1.15'
ALLOCA=''
AMDEPBACKSLASH='\'
AMDEP_FALSE='#'
AMDEP_TRUE=''
AMTAR='$${TAR-tar}'
AM_BACKSLASH='\'
AM_CPPFLAGS='-I/home/veins/src/sumo-0.32.0/./src  -I/usr/include/python2.7 -I/usr/include/fox-1.6 -I/usr/include/gdal  -I/usr/local/include -I/usr/include '
AM_CXXFLAGS=''
AM_DEFAULT_V='$(AM_DEFAULT_VERBOSITY)'
AM_DEFAULT_VERBOSITY='1'
AM_V='$(V)'
AR='ar'
ARFLAGS='cr'
AR_FLAGS='cr'
AUTOCONF='${SHELL} /home/veins/src/sumo-0.32.0/missing autoconf'
AUTOHEADER='${SHELL} /home/veins/src/sumo-0.32.0/missing autoheader'
AUTOMAKE='${SHELL} /home/veins/src/sumo-0.32.0/missing automake-1.15'
AWK='gawk'
CC='gcc'
CCDEPMODE='depmode=gcc3'
CFLAGS='-g -O2'
CPP='gcc -E'
CPPFLAGS=''
CXX='g++'
CXXCPP='g++ -E'
CXXDEPMODE='depmode=gcc3'
CXXFLAGS='-msse2 -mfpmath=sse -std=c++11 -O2 -DNDEBUG '
CYGPATH_W='echo'
DEFS='-DHAVE_CONFIG_H'
DEPDIR='.deps'
DLLTOOL='false'
DSYMUTIL=''
DUMPBIN=''
ECHO_C=''
ECHO_N='-n'
ECHO_T=''
EGREP='/bin/grep -E'
EXEEXT=''
FFMPEG_LIBS=''
FGREP='/bin/grep -F'
FOX_CONFIG='/usr/bin/fox-config'
FOX_LDFLAGS='-L/usr/lib/x86_64-linux-gnu -lFOX-1.6 -lX11 -lXext -lfreetype -lfontconfig -lXft -lXcursor -lfreetype -lfontconfig -lfreetype -lGL -lGLU -ldl -lpthread -lrt -ljpeg -lpng -ltiff -lz -lGLU -lGL'
GDAL_CONFIG='/usr/bin/gdal-config'
GDAL_LDFLAGS='-L/usr/lib -lgdal'
GREP='/bin/grep'
GTEST_CONFIG=''
GTEST_LDFLAGS=''
INSTALL_DATA='${INSTALL} -m 644'
INSTALL_PROGRAM='${INSTALL}'
INSTALL_SCRIPT='${INSTALL}'
INSTALL_STRIP_PROGRAM='$(install_sh) -c -s'
LD='/usr/bin/ld -m elf_x86_64'
LDFLAGS=''
LIBOBJS=''
LIBS=''
LIBTOOL='$(SHELL) $(top_builddir)/libtool'
LIB_XERCES='xerces-c'
LIPO=''
LN_S='ln -s'
LTLIBOBJS=''
LT_SYS_LIBRARY_PATH=''
MAKEINFO='${SHELL} /home/veins/src/sumo-0.32.0/missing makeinfo'
MANIFEST_TOOL=':'
MKDIR_P='/bin/mkdir -p'
NM='/usr/bin/nm -B'
NMEDIT=''
OBJDUMP='objdump'
OBJEXT='o'
OSG_LIBS=''
OTOOL64=''
OTOOL=''
PACKAGE='sumo'
PACKAGE_BUGREPORT=''
PACKAGE_NAME='sumo'
PACKAGE_STRING='sumo 0.32.0'
PACKAGE_TARNAME='sumo'
PACKAGE_URL=''
PACKAGE_VERSION='0.32.0'
PATH_SEPARATOR=':'
PKG_CONFIG='/usr/bin/pkg-config'
PKG_CONFIG_LIBDIR=''
PKG_CONFIG_PATH=''
PROJ_LDFLAGS='-lproj'
PYTHON_LIBS='-L. -lpython2.7'
RANLIB='ranlib'
SED='/bin/sed'
SET_MAKE=''
SHELL='/bin/bash'
STRIP='strip'
TRACI_FALSE='#'
TRACI_TRUE=''
VERSION='0.32.0'
WITH_GTEST_FALSE=''
WITH_GTEST_TRUE='#'
WITH_GUI_FALSE='#'
WITH_GUI_TRUE=''
WITH_VERSION_H_FALSE=''
WITH_VERSION_H_TRUE='#'
XERCES_CFLAGS=''
XERCES_LDFLAGS=''
XERCES_LIBS='-lxerces-c'
ac_ct_AR='ar'
ac_ct_CC='gcc'
ac_ct_CXX='g++'
ac_ct_DUMPBIN=''
am__EXEEXT_FALSE=''
am__EXEEXT_TRUE='#'
am__fastdepCC_FALSE='#'
am__fastdepCC_TRUE=''
am__fastdepCXX_FALSE='#'
am__fastdepCXX_TRUE=''
am__include='include'
am__isrc=''
am__leading_dot='.'
am__nodep='_no'
am__quote=''
am__tar='tar --format=ustar -chf - "$$tardir"'
am__untar='tar -xf -'
bindir='${exec_prefix}/bin'
build='x86_64-pc-linux-gnu'
build_alias=''
build_cpu='x86_64'
build_os='linux-gnu'
build_vendor='pc'
datadir='${datarootdir}'
datarootdir='${prefix}/share'
docdir='${datarootdir}/doc/${PACKAGE_TARNAME}'
dvidir='${docdir}'
exec_prefix='${prefix}'
host='x86_64-pc-linux-gnu'
host_alias=''
host_cpu='x86_64'
host_os='linux-gnu'
host_vendor='pc'
htmldir='${docdir}'
includedir='${prefix}/include'
infodir='${datarootdir}/info'
install_sh='${SHELL} /home/veins/src/sumo-0.32.0/install-sh'
libdir='${exec_prefix}/lib'
libexecdir='${exec_prefix}/libexec'
localedir='${datarootdir}/locale'
localstatedir='${prefix}/var'
mandir='${datarootdir}/man'
mkdir_p='$(MKDIR_P)'
oldincludedir='/usr/include'
pdfdir='${docdir}'
prefix='/usr/local'
program_transform_name='s,x,x,'
psdir='${docdir}'
runstatedir='${localstatedir}/run'
sbindir='${exec_prefix}/sbin'
sharedstatedir='${prefix}/com'
sysconfdir='${prefix}/etc'
target='x86_64-pc-linux-gnu'
target_alias=''
target_cpu='x86_64'
target_os='linux-gnu'
target_vendor='pc'

## ----------- ##
## confdefs.h. ##
## ----------- ##

/* confdefs.h */
#define PACKAGE_NAME "sumo"
#define PACKAGE_TARNAME "sumo"
#define PACKAGE_VERSION "0.32.0"
#define PACKAGE_STRING "sumo 0.32.0"
#define PACKAGE_BUGREPORT ""
#define PACKAGE_URL ""
#define PACKAGE "sumo"
#define VERSION "0.32.0"
#define HAVE_SYS_TYPES_H 1
#define HAVE_SYS_STAT_H 1
#define HAVE_STDLIB_H 1
#define HAVE_STRING_H 1
#define HAVE_MEMORY_H 1
#define HAVE_STRINGS_H 1
#define HAVE_INTTYPES_H 1
#define HAVE_STDINT_H 1
#define HAVE_UNISTD_H 1
#define HAVE_DLFCN_H 1
#define LT_OBJDIR ".libs/"
#define POSITION_EPS 0.1
#define NUMERICAL_EPS 0.001
#define VERSION_STRING "0.32.0"
#define XERCES3_SIZE_t XMLSize_t
#define HAVE_PROJ 1
#define HAVE_GDAL 1
#define HAVE_FOX 1
#define HAVE_PYTHON 1
#define HAVE_ENABLED "x86_64-pc-linux-gnu TRACI PROJ GDAL GUI Python"
#define HAVE_ALLOCA_H 1
#define HAVE_ALLOCA 1
#define HAVE_FLOAT_H 1
#define HAVE_LIMITS_H 1
#define HAVE_MALLOC_H 1
#define HAVE_MATH_H 1
#define HAVE_STDDEF_H 1
#define HAVE_STDLIB_H 1
#define HAVE_STRING_H 1
#define HAVE_SYS_TIME_H 1
#define HAVE_UNISTD_H 1
#define HAVE_WCHAR_H 1
#define TIME_WITH_SYS_TIME 1
#define HAVE_SYS_SELECT_H 1
#define HAVE_SYS_SOCKET_H 1
#define SELECT_TYPE_ARG1 int
#define SELECT_TYPE_ARG234 (fd_set *)
#define SELECT_TYPE_ARG5 (struct timeval *)
#define RETSIGTYPE void
#define LSTAT_FOLLOWS_SLASHED_SYMLINK 1
#define HAVE_FLOOR 1
#define HAVE_GETCWD 1
#define HAVE_GETTIMEOFDAY 1
#define HAVE_MEMSET 1
#define HAVE_POW 1
#define HAVE_SELECT 1
#define HAVE_SOCKET 1
#define HAVE_SQRT 1

configure: exit 0

## ---------------------- ##
## Running config.status. ##
## ---------------------- ##

This file was extended by sumo config.status 0.32.0, which was
generated by GNU Autoconf 2.69.  Invocation command line was

  CONFIG_FILES    = 
  CONFIG_HEADERS  = 
  CONFIG_LINKS    = 
  CONFIG_COMMANDS = 
  $ ./config.status src/duarouter/Makefile depfiles

on instant-veins

config.status:1298: creating src/duarouter/Makefile
config.status:1527: executing depfiles commands

## ---------------------- ##
## Running config.status. ##
## ---------------------- ##

This file was extended by sumo config.status 0.32.0, which was
generated by GNU Autoconf 2.69.  Invocation command line was

  CONFIG_FILES    = 
  CONFIG_HEADERS  = 
  CONFIG_LINKS    = 
  CONFIG_COMMANDS = 
  $ ./config.status src/utils/gui/tracker/Makefile depfiles

on instant-veins

config.status:1298: creating src/utils/gui/tracker/Makefile
config.status:1527: executing depfiles commands

## ---------------------- ##
## Running config.status. ##
## ---------------------- ##

This file was extended by sumo config.status 0.32.0, which was
generated by GNU Autoconf 2.69.  Invocation command line was

  CONFIG_FILES    = 
  CONFIG_HEADERS  = 
  CONFIG_LINKS    = 
  CONFIG_COMMANDS = 
  $ ./config.status src/foreign/eulerspiral/Makefile depfiles

on instant-veins

config.status:1298: creating src/foreign/eulerspiral/Makefile
config.status:1527: executing depfiles commands

## ---------------------- ##
## Running config.status. ##
## ---------------------- ##

This file was extended by sumo config.status 0.32.0, which was
generated by GNU Autoconf 2.69.  Invocation command line was

  CONFIG_FILES    = 
  CONFIG_HEADERS  = 
  CONFIG_LINKS    = 
  CONFIG_COMMANDS = 
  $ ./config.status src/netimport/vissim/Makefile depfiles

on instant-veins

config.status:1298: creating src/netimport/vissim/Makefile
config.status:1527: executing depfiles commands

## ---------------------- ##
## Running config.status. ##
## ---------------------- ##

This file was extended by sumo config.status 0.32.0, which was
generated by GNU Autoconf 2.69.  Invocation command line was

  CONFIG_FILES    = 
  CONFIG_HEADERS  = 
  CONFIG_LINKS    = 
  CONFIG_COMMANDS = 
  $ ./config.status src/netload/Makefile depfiles

on instant-veins

config.status:1298: creating src/netload/Makefile
config.status:1527: executing depfiles commands

## ---------------------- ##
## Running config.status. ##
## ---------------------- ##

This file was extended by sumo config.status 0.32.0, which was
generated by GNU Autoconf 2.69.  Invocation command line was

  CONFIG_FILES    = 
  CONFIG_HEADERS  = 
  CONFIG_LINKS    = 
  CONFIG_COMMANDS = 
  $ ./config.status src/libsumo/Makefile depfiles

on instant-veins

config.status:1298: creating src/libsumo/Makefile
config.status:1527: executing depfiles commands

## ---------------------- ##
## Running config.status. ##
## ---------------------- ##

This file was extended by sumo config.status 0.32.0, which was
generated by GNU Autoconf 2.69.  Invocation command line was

  CONFIG_FILES    = 
  CONFIG_HEADERS  = 
  CONFIG_LINKS    = 
  CONFIG_COMMANDS = 
  $ ./config.status src/guisim/Makefile depfiles

on instant-veins

config.status:1298: creating src/guisim/Makefile
config.status:1527: executing depfiles commands

## ---------------------- ##
## Running config.status. ##
## ---------------------- ##

This file was extended by sumo config.status 0.32.0, which was
generated by GNU Autoconf 2.69.  Invocation command line was

  CONFIG_FILES    = 
  CONFIG_HEADERS  = 
  CONFIG_LINKS    = 
  CONFIG_COMMANDS = 
  $ ./config.status src/router/Makefile depfiles

on instant-veins

config.status:1298: creating src/router/Makefile
config.status:1527: executing depfiles commands

## ---------------------- ##
## Running config.status. ##
## ---------------------- ##

This file was extended by sumo config.status 0.32.0, which was
generated by GNU Autoconf 2.69.  Invocation command line was

  CONFIG_FILES    = 
  CONFIG_HEADERS  = 
  CONFIG_LINKS    = 
  CONFIG_COMMANDS = 
  $ ./config.status src/od/Makefile depfiles

on instant-veins

config.status:1298: creating src/od/Makefile
config.status:1527: executing depfiles commands

## ---------------------- ##
## Running config.status. ##
## ---------------------- ##

This file was extended by sumo config.status 0.32.0, which was
generated by GNU Autoconf 2.69.  Invocation command line was

  CONFIG_FILES    = 
  CONFIG_HEADERS  = 
  CONFIG_LINKS    = 
  CONFIG_COMMANDS = 
  $ ./config.status src/netgen/Makefile depfiles

on instant-veins

config.status:1298: creating src/netgen/Makefile
config.status:1527: executing depfiles commands

## ---------------------- ##
## Running config.status. ##
## ---------------------- ##

This file was extended by sumo config.status 0.32.0, which was
generated by GNU Autoconf 2.69.  Invocation command line was

  CONFIG_FILES    = 
  CONFIG_HEADERS  = 
  CONFIG_LINKS    = 
  CONFIG_COMMANDS = 
  $ ./config.status src/utils/xml/Makefile depfiles

on instant-veins

config.status:1298: creating src/utils/xml/Makefile
config.status:1527: executing depfiles commands

## ---------------------- ##
## Running config.status. ##
## ---------------------- ##

This file was extended by sumo config.status 0.32.0, which was
generated by GNU Autoconf 2.69.  Invocation command line was

  CONFIG_FILES    = 
  CONFIG_HEADERS  = 
  CONFIG_LINKS    = 
  CONFIG_COMMANDS = 
  $ ./config.status src/utils/gui/div/Makefile depfiles

on instant-veins

config.status:1298: creating src/utils/gui/div/Makefile
config.status:1527: executing depfiles commands

## ---------------------- ##
## Running config.status. ##
## ---------------------- ##

This file was extended by sumo config.status 0.32.0, which was
generated by GNU Autoconf 2.69.  Invocation command line was

  CONFIG_FILES    = 
  CONFIG_HEADERS  = 
  CONFIG_LINKS    = 
  CONFIG_COMMANDS = 
  $ ./config.status src/netimport/vissim/typeloader/Makefile depfiles

on instant-veins

config.status:1298: creating src/netimport/vissim/typeloader/Makefile
config.status:1527: executing depfiles commands

## ---------------------- ##
## Running config.status. ##
## ---------------------- ##

This file was extended by sumo config.status 0.32.0, which was
generated by GNU Autoconf 2.69.  Invocation command line was

  CONFIG_FILES    = 
  CONFIG_HEADERS  = 
  CONFIG_LINKS    = 
  CONFIG_COMMANDS = 
  $ ./config.status src/utils/vehicle/Makefile depfiles

on instant-veins

config.status:1298: creating src/utils/vehicle/Makefile
config.status:1527: executing depfiles commands

## ---------------------- ##
## Running config.status. ##
## ---------------------- ##

This file was extended by sumo config.status 0.32.0, which was
generated by GNU Autoconf 2.69.  Invocation command line was

  CONFIG_FILES    = 
  CONFIG_HEADERS  = 
  CONFIG_LINKS    = 
  CONFIG_COMMANDS = 
  $ ./config.status src/utils/vehicle/Makefile depfiles

on instant-veins

config.status:1298: creating src/utils/vehicle/Makefile
config.status:1527: executing depfiles commands

## ---------------------- ##
## Running config.status. ##
## ---------------------- ##

This file was extended by sumo config.status 0.32.0, which was
generated by GNU Autoconf 2.69.  Invocation command line was

  CONFIG_FILES    = 
  CONFIG_HEADERS  = 
  CONFIG_LINKS    = 
  CONFIG_COMMANDS = 
  $ ./config.status src/utils/vehicle/Makefile depfiles

on instant-veins

config.status:1298: creating src/utils/vehicle/Makefile
config.status:1527: executing depfiles commands

## ---------------------- ##
## Running config.status. ##
## ---------------------- ##

This file was extended by sumo config.status 0.32.0, which was
generated by GNU Autoconf 2.69.  Invocation command line was

  CONFIG_FILES    = 
  CONFIG_HEADERS  = 
  CONFIG_LINKS    = 
  CONFIG_COMMANDS = 
  $ ./config.status src/microsim/devices/Makefile depfiles

on instant-veins

config.status:1298: creating src/microsim/devices/Makefile
config.status:1527: executing depfiles commands

## ---------------------- ##
## Running config.status. ##
## ---------------------- ##

This file was extended by sumo config.status 0.32.0, which was
generated by GNU Autoconf 2.69.  Invocation command line was

  CONFIG_FILES    = 
  CONFIG_HEADERS  = 
  CONFIG_LINKS    = 
  CONFIG_COMMANDS = 
  $ ./config.status src/microsim/devices/Makefile depfiles

on instant-veins

config.status:1298: creating src/microsim/devices/Makefile
config.status:1527: executing depfiles commands

## ---------------------- ##
## Running config.status. ##
## ---------------------- ##

This file was extended by sumo config.status 0.32.0, which was
generated by GNU Autoconf 2.69.  Invocation command line was

  CONFIG_FILES    = 
  CONFIG_HEADERS  = 
  CONFIG_LINKS    = 
  CONFIG_COMMANDS = 
  $ ./config.status src/microsim/devices/Makefile depfiles

on instant-veins

config.status:1298: creating src/microsim/devices/Makefile
config.status:1527: executing depfiles commands
